Date......: 2025-01-01T20:03:22
Mode......: Expression
Expression: 12*99
Postfix...: 12 99 * 
Result....:
1188.000000
------------------------------------------
Date......: 2025-01-01T20:03:25
Mode......: Expression
Expression: 11*99
Postfix...: 11 99 * 
Result....:
1089.000000
------------------------------------------
Date......: 2025-01-01T20:03:27
Mode......: Expression
Expression: 12+99
Postfix...: 12 99 + 
Result....:
111.000000
------------------------------------------
Date......: 2025-01-01T20:03:29
Mode......: Expression
Expression: 45*88
Postfix...: 45 88 * 
Result....:
3960.000000
------------------------------------------
Date......: 2025-01-01T20:03:38
Mode......: Expression
Expression: 45*99
Postfix...: 45 99 * 
Result....:
4455.000000
------------------------------------------
Date......: 2025-01-01T20:04:15
Mode......: Expression
Expression: 123*4567890
Postfix...: 123 4567890 * 
Result....:
561850470.000000
------------------------------------------
Date......: 2025-01-01T20:04:18
Mode......: Expression
Expression: 111*9
Postfix...: 111 9 * 
Result....:
999.000000
------------------------------------------
Date......: 2025-01-01T20:04:22
Mode......: Expression
Expression: 999/78
Postfix...: 999 78 / 
Result....:
12.807692
------------------------------------------
Date......: 2025-01-01T20:04:26
Mode......: Expression
Expression: 555*7889
Postfix...: 555 7889 * 
Result....:
4378395.000000
------------------------------------------
Date......: 2025-01-02T03:57:08
Mode......: Expression
Expression: 12*99
Postfix...: 12 99 * 
Result....:
1188.000000
------------------------------------------
Date......: 2025-01-02T03:57:16
Mode......: Expression
Expression: 78*99
Postfix...: 78 99 * 
Result....:
7722.000000
------------------------------------------
Date......: 2025-01-03T11:39:57
Mode......: Expression
Expression: 12+55
Postfix...: 12 55 + 
Result....:
67.000000
------------------------------------------
Date......: 2025-01-03T11:40:09
Mode......: Expression
Expression: 45/5656
Postfix...: 45 5656 / 
Result....:
0.007956
------------------------------------------
Date......: 2025-01-03T19:08:05
Mode......: Expression
Expression: (200000*2)+500-999
Postfix...: 200000 2 * 500 + 999 - 
Result....:
399501.000000
------------------------------------------
Date......: 2025-01-03T19:24:08
Mode......: Expression
Expression: 202300*1+201-0
Postfix...: 202300 1 * 201 + 0 - 
Result....:
202501.000000
------------------------------------------
Date......: 2025-01-03T19:35:03
Mode......: Expression
Expression: 202300*1+201-0
Postfix...: 202300 1 * 201 + 0 - 
Result....:
202501.000000
------------------------------------------
Date......: 2025-01-03T19:38:06
Mode......: Expression
Expression: 202300*1+201-0
Postfix...: 202300 1 * 201 + 0 - 
Result....:
202501.000000
------------------------------------------
Date......: 2025-01-04T03:21:39
Mode......: Expression
Expression: 202300*1+201-0
Postfix...: 202300 1 * 201 + 0 - 
Result....:
202501.000000
------------------------------------------
